1
-1
2
1
3
4
1
1
2
5
6
2
6
7
8
9
2
2
-1
3
10
-1
7
11
9
12
12
13
2
14
13
12
13
15
15
16
2
-1
17
18
5
19
6
-1
-1
16
9
20
17
21
22
7
18
23
19
24
21
8
18
23
-1
-1
6
25
4
25
26
27
26
28
11
-1
29
30
22
30
30
26
-1
31
31
32
29
33
34
35
25
36
37
33
36
37
38
39
38
40
41
39
42
41
16
43
44
43
-1
45
36
46
47
48
17
48
49
21
49
50
-1
51
3
50
52
53
54
55
56
57
3
58
51
59
60
61
42
60
61
62
63
64
63
-1
65
-1
66
27
67
68
69
70
71
51
72
73
45
65
-1
-1
74
70
53
75
-1
76
77
71
54
55
78
23
79
80
81
58
28
62
72
31
73
75
82
83
84
85
86
31
84
35
87
88
5
88
64
-1
-1
89
90
91
92
6
80
90
91
-1
38
88
8
83
92
39
93
40
93
94
95
96
12
97
-1
98
94
99
-1
-1
100
101
46
102
103
104
105
106
97
47
107
86
-1
101
108
109
89
-1
102
94
103
105
110
111
112
113
113
114
109
115
116
111
112
117
-1
50
117
118
119
120
-1
120
110
121
122
123
123
124
125
-1
126
126
127
68
-1
43
128
44
129
114
129
130
118
131
132
121
124
133
134
130
135
-1
136
131
137
135
-1
138
76
125
66
139
-1
140
141
142
-1
143
144
-1
145
142
81
145
146
13
70
14
147
-1
148
149
150
151
96
152
148
28
153
149
154
154
155
156
157
158
159
156
-1
159
160
161
162
163
-1
164
18
165
166
119
167
164
168
127
169
-1
165
82
170
171
172
173
170
174
175
146
85
176
166
177
5
178
179
180
181
-1
182
183
7
184
185
186
93
1
140
167
100
187
188
-1
189
190
191
88
192
130
193
-1
194
-1
172
195
171
-1
180
196
-1
174
132
197
198
178
48
104
199
200
201
202
161
203
204
205
206
155
207
208
209
186
-1
-1
210
211
58
189
190
212
191
213
196
-1
108
72
30
214
215
3
-1
198
216
217
175
218
219
220
118
221
77
222
-1
176
223
207
204
10
135
224
225
184
226
227
228
229
230
-1
143
231
-1
212
-1
232
233
-1
160
234
235
236
-1
151
237
238
239
