56
1
117
1
6
1
18
20
6
79
1
117
6
27
41
101
8
14
30
18
9
1
1
6
9
9
8
9
47
5
60
57
9
1
1
9
1
105
1
69
6
56
9
14
102
9
9
73
1
1
1
29
1
1
86
8
1
9
92
117
118
1
4
1
1
1
29
15
3
5
50
1
28
1
98
29
1
9
1
3
18
54
5
12
1
1
1
14
12
29
1
87
52
35
9
66
32
46
38
6
9
1
47
15
25
102
38
12
38
5
1
101
1
65
1
9
113
52
2
9
12
20
1
3
1
38
1
15
98
6
16
14
6
9
9
4
19
69
9
116
22
12
1
52
47
78
56
47
50
29
15
1
9
33
8
8
16
9
68
1
1
53
4
101
87
1
122
13
6
1
6
6
6
56
1
8
9
1
6
9
15
1
59
1
57
